[debug] [2024-10-20T11:33:12.169Z] ----------------------------------------------------------------------
[debug] [2024-10-20T11:33:12.173Z] Command:       C:\Program Files\nodejs\node.exe C:\Users\selmi\AppData\Roaming\npm\node_modules\firebase-tools\lib\bin\firebase.js init
[debug] [2024-10-20T11:33:12.173Z] CLI Version:   13.22.1
[debug] [2024-10-20T11:33:12.174Z] Platform:      win32
[debug] [2024-10-20T11:33:12.174Z] Node Version:  v20.17.0
[debug] [2024-10-20T11:33:12.174Z] Time:          Sun Oct 20 2024 14:33:12 GMT+0300 (Eastern European Summer Time)
[debug] [2024-10-20T11:33:12.174Z] ----------------------------------------------------------------------
[debug] 
[debug] [2024-10-20T11:33:12.181Z] > command requires scopes: ["email","openid","https://www.googleapis.com/auth/cloudplatformprojects.readonly","https://www.googleapis.com/auth/firebase","https://www.googleapis.com/auth/cloud-platform"]
[debug] [2024-10-20T11:33:12.181Z] > authorizing via signed-in user (selmianwer123@gmail.com)
[info] 
     ######## #### ########  ######## ########     ###     ######  ########
     ##        ##  ##     ## ##       ##     ##  ##   ##  ##       ##
     ######    ##  ########  ######   ########  #########  ######  ######
     ##        ##  ##    ##  ##       ##     ## ##     ##       ## ##
     ##       #### ##     ## ######## ########  ##     ##  ######  ########

You're about to initialize a Firebase project in this directory:

  C:\Users\selmi\massenger-clone

[info] 
=== Project Setup
[info] 
[info] First, let's associate this project directory with a Firebase project.
[info] You can create multiple project aliases by running firebase use --add, 
[info] but for now we'll just set up a default project.
[info] 
[debug] [2024-10-20T11:34:25.797Z] Checked if tokens are valid: true, expires at: 1729427142918
[debug] [2024-10-20T11:34:25.798Z] Checked if tokens are valid: true, expires at: 1729427142918
[debug] [2024-10-20T11:34:25.799Z] >>> [apiv2][query] GET https://firebase.googleapis.com/v1beta1/projects pageSize=100
[debug] [2024-10-20T11:34:26.337Z] <<< [apiv2][status] GET https://firebase.googleapis.com/v1beta1/projects 200
[debug] [2024-10-20T11:34:26.337Z] <<< [apiv2][body] GET https://firebase.googleapis.com/v1beta1/projects [omitted]
[info] i  Using project massenger-clone-27d74 (massenger-clone) 
[info] 
=== Hosting Setup
[debug] [2024-10-20T11:34:58.709Z] Checked if tokens are valid: true, expires at: 1729427142918
[debug] [2024-10-20T11:34:58.709Z] Checked if tokens are valid: true, expires at: 1729427142918
[debug] [2024-10-20T11:34:58.709Z] >>> [apiv2][query] GET https://firebase.googleapis.com/v1beta1/projects/massenger-clone-27d74 [none]
[debug] [2024-10-20T11:34:59.112Z] <<< [apiv2][status] GET https://firebase.googleapis.com/v1beta1/projects/massenger-clone-27d74 200
[debug] [2024-10-20T11:34:59.112Z] <<< [apiv2][body] GET https://firebase.googleapis.com/v1beta1/projects/massenger-clone-27d74 {"projectId":"massenger-clone-27d74","projectNumber":"325247422222","displayName":"massenger-clone","name":"projects/massenger-clone-27d74","resources":{"hostingSite":"massenger-clone-27d74"},"state":"ACTIVE","etag":"1_434cc0cb-fd3e-48f8-89be-4ac9c5eebb7c"}
[info] 
[info] Your public directory is the folder (relative to your project directory) that
[info] will contain Hosting assets to be uploaded with firebase deploy. If you
[info] have a build process for your assets, use your build's output directory.
[info] 
[debug] [2024-10-20T11:35:13.436Z] >>> [apiv2][query] GET https://www.gstatic.com/firebasejs/releases.json [none]
[debug] [2024-10-20T11:35:13.612Z] <<< [apiv2][status] GET https://www.gstatic.com/firebasejs/releases.json 200
[debug] [2024-10-20T11:35:13.612Z] <<< [apiv2][body] GET https://www.gstatic.com/firebasejs/releases.json {"current":{"version":"10.14.1","browserURL":"https://www.gstatic.com/firebasejs/10.14.1/firebase.js","packageURL":"https://www.gstatic.com/firebasejs/10.14.1/firebase.tgz"},"live":{"version":"10.14","browserURL":"https://www.gstatic.com/firebasejs/live/10.14/firebase.js","packageURL":"https://www.gstatic.com/firebasejs/live/10.14/firebase.tgz"},"components":{"analytics":"https://www.gstatic.com/firebasejs/10.14.1/firebase-analytics.js","app":"https://www.gstatic.com/firebasejs/10.14.1/firebase-app.js","app-check":"https://www.gstatic.com/firebasejs/10.14.1/firebase-app-check.js","auth":"https://www.gstatic.com/firebasejs/10.14.1/firebase-auth.js","auth/cordova":"https://www.gstatic.com/firebasejs/10.14.1/firebase-auth/cordova.js","auth/web-extension":"https://www.gstatic.com/firebasejs/10.14.1/firebase-auth/web-extension.js","functions":"https://www.gstatic.com/firebasejs/10.14.1/firebase-functions.js","firestore":"https://www.gstatic.com/firebasejs/10.14.1/firebase-firestore.js","firestore/lite":"https://www.gstatic.com/firebasejs/10.14.1/firebase-firestore/lite.js","installations":"https://www.gstatic.com/firebasejs/10.14.1/firebase-installations.js","storage":"https://www.gstatic.com/firebasejs/10.14.1/firebase-storage.js","performance":"https://www.gstatic.com/firebasejs/10.14.1/firebase-performance.js","remote-config":"https://www.gstatic.com/firebasejs/10.14.1/firebase-remote-config.js","messaging":"https://www.gstatic.com/firebasejs/10.14.1/firebase-messaging.js","messaging/sw":"https://www.gstatic.com/firebasejs/10.14.1/firebase-messaging/sw.js","database":"https://www.gstatic.com/firebasejs/10.14.1/firebase-database.js","data-connect":"https://www.gstatic.com/firebasejs/10.14.1/firebase-data-connect.js","vertexai-preview":"https://www.gstatic.com/firebasejs/10.14.1/firebase-vertexai-preview.js","firestore.memory":"https://www.gstatic.com/firebasejs/10.14.1/firebase-firestore.memory.js"}}
[info] +  Wrote build/index.html 
[info] 
[info] i  Detected a .git folder at C:\Users\selmi\massenger-clone 
[info] i  Authorizing with GitHub to upload your service account to a GitHub repository's secrets store. 
[info] 
[info] Visit this URL on this device to log in:
[info] https://github.com/login/oauth/authorize?client_id=89cf50f02ac6aaed3484&state=821006903&redirect_uri=http%3A%2F%2Flocalhost%3A9005&scope=read%3Auser%20repo%20public_repo
[info] 
[info] Waiting for authentication...
[debug] [2024-10-20T11:35:35.646Z] >>> [apiv2][query] POST https://github.com/login/oauth/access_token [none]
[debug] [2024-10-20T11:35:35.646Z] >>> [apiv2][body] POST https://github.com/login/oauth/access_token [stream]
[debug] [2024-10-20T11:35:36.277Z] <<< [apiv2][status] POST https://github.com/login/oauth/access_token 200
[debug] [2024-10-20T11:35:36.281Z] >>> [apiv2][query] GET https://api.github.com/user [none]
[debug] [2024-10-20T11:35:36.685Z] <<< [apiv2][status] GET https://api.github.com/user 200
[debug] [2024-10-20T11:35:36.685Z] <<< [apiv2][body] GET https://api.github.com/user {"login":"AhmedAnwer998","id":172841644,"node_id":"U_kgDOCk1arA","avatar_url":"https://avatars.githubusercontent.com/u/172841644?v=4","gravatar_id":"","url":"https://api.github.com/users/AhmedAnwer998","html_url":"https://github.com/AhmedAnwer998","followers_url":"https://api.github.com/users/AhmedAnwer998/followers","following_url":"https://api.github.com/users/AhmedAnwer998/following{/other_user}","gists_url":"https://api.github.com/users/AhmedAnwer998/gists{/gist_id}","starred_url":"https://api.github.com/users/AhmedAnwer998/starred{/owner}{/repo}","subscriptions_url":"https://api.github.com/users/AhmedAnwer998/subscriptions","organizations_url":"https://api.github.com/users/AhmedAnwer998/orgs","repos_url":"https://api.github.com/users/AhmedAnwer998/repos","events_url":"https://api.github.com/users/AhmedAnwer998/events{/privacy}","received_events_url":"https://api.github.com/users/AhmedAnwer998/received_events","type":"User","user_view_type":"private","site_admin":false,"name":null,"company":null,"blog":"","location":null,"email":null,"hireable":null,"bio":null,"twitter_username":null,"notification_email":null,"public_repos":4,"public_gists":0,"followers":0,"following":0,"created_at":"2024-06-14T17:25:37Z","updated_at":"2024-10-16T18:18:53Z","private_gists":0,"total_private_repos":0,"owned_private_repos":0,"disk_usage":13856,"collaborators":0,"two_factor_authentication":false,"plan":{"name":"free","space":976562499,"collaborators":0,"private_repos":10000}}
[info] 
[info] +  Success! Logged into GitHub as AhmedAnwer998 
[info] 
